生成启动时间为 2018/5/15 14:45:13。
     1>项目“E:\auto0473\visual studio 2013 Projects\my_mtcnn_light\my_mtcnn_light\my_mtcnn_light.vcxproj”在节点 2 上(Build 个目标)。
     1>ClCompile:
         E:\Program Files (x86)\Microsoft Visual Studio 12.0\VC\bin\CL.exe /c /Zi /nologo /W3 /WX- /sdl /O2 /Oi /Oy- /GL /D WIN32 /D NDEBUG /D _CONSOLE /D _LIB /D _UNICODE /D UNICODE /Gm- /EHsc /MD /GS /Gy /fp:precise /Zc:wchar_t /Zc:forScope /Fo"Release\\" /Fd"Release\vc120.pdb" /Gd /TP /analyze- /errorReport:prompt mtcnn.cpp pikaqiu.cpp
         mtcnn.cpp
     1>e:\auto0473\visual studio 2013 projects\my_mtcnn_light\my_mtcnn_light\mtcnn_models.h(1758): warning C4305: “初始化”: 从“double”到“const float”截断
     1>e:\auto0473\visual studio 2013 projects\my_mtcnn_light\my_mtcnn_light\mtcnn_models.h(16750): warning C4305: “初始化”: 从“double”到“const float”截断
     1>e:\auto0473\visual studio 2013 projects\my_mtcnn_light\my_mtcnn_light\mtcnn_models.h(78583): warning C4305: “初始化”: 从“double”到“const float”截断
     1>mtcnn.cpp(8): warning C4305: “=”: 从“double”到“float”截断
     1>mtcnn.cpp(390): warning C4305: “=”: 从“double”到“float”截断
     1>mtcnn.cpp(538): warning C4305: “=”: 从“double”到“float”截断
     1>mtcnn.cpp(714): warning C4305: “=”: 从“double”到“float”截断
     1>mtcnn.cpp(716): warning C4305: “=”: 从“double”到“float”截断
     1>mtcnn.cpp(718): warning C4244: “初始化”: 从“int”转换到“float”，可能丢失数据
     1>mtcnn.cpp(721): warning C4305: “初始化”: 从“double”到“float”截断
     1>mtcnn.cpp(768): warning C4244: “参数”: 从“float”转换到“int”，可能丢失数据
     1>mtcnn.cpp(783): warning C4244: “参数”: 从“float”转换到“int”，可能丢失数据
     1>mtcnn.cpp(815): warning C4244: “参数”: 从“float”转换到“int”，可能丢失数据
     1>mtcnn.cpp(848): warning C4244: “参数”: 从“float”转换到“int”，可能丢失数据
         pikaqiu.cpp
     1>pikaqiu.cpp(49): warning C4018: “<”: 有符号/无符号不匹配
       Link:
         E:\Program Files (x86)\Microsoft Visual Studio 12.0\VC\bin\link.exe /ERRORREPORT:PROMPT /OUT:"E:\auto0473\visual studio 2013 Projects\my_mtcnn_light\Release\my_mtcnn_light.exe" /INCREMENTAL:NO /NOLOGO libopenblas.lib opencv_calib3d249.lib opencv_contrib249.lib opencv_core249.lib opencv_features2d249.lib opencv_flann249.lib opencv_gpu249.lib opencv_highgui249.lib opencv_imgproc249.lib opencv_legacy249.lib opencv_ml249.lib opencv_nonfree249.lib opencv_objdetect249.lib opencv_ocl249.lib opencv_photo249.lib opencv_stitching249.lib opencv_superres249.lib opencv_ts249.lib opencv_video249.lib opencv_videostab249.lib kernel32.lib user32.lib gdi32.lib winspool.lib comdlg32.lib advapi32.lib shell32.lib ole32.lib oleaut32.lib uuid.lib odbc32.lib odbccp32.lib /MANIFEST /MANIFESTUAC:"level='asInvoker' uiAccess='false'" /manifest:embed /DEBUG /PDB:"E:\auto0473\visual studio 2013 Projects\my_mtcnn_light\Release\my_mtcnn_light.pdb" /SUBSYSTEM:CONSOLE /OPT:REF /OPT:ICF /LTCG /TLBID:1 /DYNAMICBASE /NXCOMPAT /IMPLIB:"E:\auto0473\visual studio 2013 Projects\my_mtcnn_light\Release\my_mtcnn_light.lib" /MACHINE:X86 /SAFESEH Release\mtcnn.obj
         Release\network.obj
         Release\pBox.obj
         Release\pikaqiu.obj
         正在生成代码
         已完成代码的生成
         my_mtcnn_light.vcxproj -> E:\auto0473\visual studio 2013 Projects\my_mtcnn_light\Release\my_mtcnn_light.exe
     1>已完成生成项目“E:\auto0473\visual studio 2013 Projects\my_mtcnn_light\my_mtcnn_light\my_mtcnn_light.vcxproj”(Build 个目标)的操作。

生成成功。

已用时间 00:00:05.95
