生成启动时间为 2018/5/22 15:51:19。
     1>项目“E:\auto0473\visual studio 2013 Projects\my_mtcnn_light\my_mtcnn_light\my_mtcnn_light.vcxproj”在节点 2 上(Build 个目标)。
     1>ClCompile:
         E:\Program Files (x86)\Microsoft Visual Studio 12.0\VC\bin\CL.exe /c /ZI /nologo /W3 /WX- /sdl /Od /Oy- /D WIN32 /D _DEBUG /D _CONSOLE /D _LIB /D _DEBUG /D _UNICODE /D UNICODE /Gm /EHsc /RTC1 /MDd /GS /fp:precise /Zc:wchar_t /Zc:forScope /Fo"Debug\\" /Fd"Debug\vc120.pdb" /Gd /TP /analyze- /errorReport:prompt mtcnn.cpp
         mtcnn.cpp
     1>e:\auto0473\visual studio 2013 projects\my_mtcnn_light\my_mtcnn_light\mtcnn_models.h(1758): warning C4305: “初始化”: 从“double”到“const float”截断
     1>e:\auto0473\visual studio 2013 projects\my_mtcnn_light\my_mtcnn_light\mtcnn_models.h(16750): warning C4305: “初始化”: 从“double”到“const float”截断
     1>e:\auto0473\visual studio 2013 projects\my_mtcnn_light\my_mtcnn_light\mtcnn_models.h(78583): warning C4305: “初始化”: 从“double”到“const float”截断
     1>e:\auto0473\visual studio 2013 projects\my_mtcnn_light\my_mtcnn_light\mtcnn.cpp(8): warning C4305: “=”: 从“double”到“float”截断
     1>e:\auto0473\visual studio 2013 projects\my_mtcnn_light\my_mtcnn_light\mtcnn.cpp(392): warning C4305: “=”: 从“double”到“float”截断
     1>e:\auto0473\visual studio 2013 projects\my_mtcnn_light\my_mtcnn_light\mtcnn.cpp(540): warning C4305: “=”: 从“double”到“float”截断
     1>e:\auto0473\visual studio 2013 projects\my_mtcnn_light\my_mtcnn_light\mtcnn.cpp(716): warning C4305: “=”: 从“double”到“float”截断
     1>e:\auto0473\visual studio 2013 projects\my_mtcnn_light\my_mtcnn_light\mtcnn.cpp(718): warning C4305: “=”: 从“double”到“float”截断
     1>e:\auto0473\visual studio 2013 projects\my_mtcnn_light\my_mtcnn_light\mtcnn.cpp(720): warning C4244: “初始化”: 从“int”转换到“float”，可能丢失数据
     1>e:\auto0473\visual studio 2013 projects\my_mtcnn_light\my_mtcnn_light\mtcnn.cpp(723): warning C4305: “初始化”: 从“double”到“float”截断
     1>e:\auto0473\visual studio 2013 projects\my_mtcnn_light\my_mtcnn_light\mtcnn.cpp(770): warning C4244: “参数”: 从“float”转换到“int”，可能丢失数据
     1>e:\auto0473\visual studio 2013 projects\my_mtcnn_light\my_mtcnn_light\mtcnn.cpp(785): warning C4244: “参数”: 从“float”转换到“int”，可能丢失数据
     1>e:\auto0473\visual studio 2013 projects\my_mtcnn_light\my_mtcnn_light\mtcnn.cpp(820): warning C4244: “参数”: 从“float”转换到“int”，可能丢失数据
     1>e:\auto0473\visual studio 2013 projects\my_mtcnn_light\my_mtcnn_light\mtcnn.cpp(854): warning C4244: “参数”: 从“float”转换到“int”，可能丢失数据
       Link:
         E:\Program Files (x86)\Microsoft Visual Studio 12.0\VC\bin\link.exe /ERRORREPORT:PROMPT /OUT:"E:\auto0473\visual studio 2013 Projects\my_mtcnn_light\Debug\my_mtcnn_light.exe" /INCREMENTAL /NOLOGO libopenblasd.lib opencv_calib3d249d.lib opencv_contrib249d.lib opencv_core249d.lib opencv_features2d249d.lib opencv_flann249d.lib opencv_gpu249d.lib opencv_highgui249d.lib opencv_imgproc249d.lib opencv_legacy249d.lib opencv_ml249d.lib opencv_nonfree249d.lib opencv_objdetect249d.lib opencv_ocl249d.lib opencv_photo249d.lib opencv_stitching249d.lib opencv_superres249d.lib opencv_ts249d.lib opencv_video249d.lib opencv_videostab249d.lib kernel32.lib user32.lib gdi32.lib winspool.lib comdlg32.lib advapi32.lib shell32.lib ole32.lib oleaut32.lib uuid.lib odbc32.lib odbccp32.lib /MANIFEST /MANIFESTUAC:"level='asInvoker' uiAccess='false'" /manifest:embed /DEBUG /PDB:"E:\auto0473\visual studio 2013 Projects\my_mtcnn_light\Debug\my_mtcnn_light.pdb" /SUBSYSTEM:CONSOLE /TLBID:1 /DYNAMICBASE /NXCOMPAT /IMPLIB:"E:\auto0473\visual studio 2013 Projects\my_mtcnn_light\Debug\my_mtcnn_light.lib" /MACHINE:X86 Debug\mtcnn.obj
         Debug\network.obj
         Debug\pBox.obj
         Debug\pikaqiu.obj
     1>libopenblasd.lib(cblas_sgemv.obj) : warning LNK4099: 未找到 PDB“vc120.pdb”(使用“libopenblasd.lib(cblas_sgemv.obj)”或在“E:\auto0473\visual studio 2013 Projects\my_mtcnn_light\Debug\vc120.pdb”中寻找)；正在链接对象，如同没有调试信息一样
     1>libopenblasd.lib(cblas_sgemm.obj) : warning LNK4099: 未找到 PDB“vc120.pdb”(使用“libopenblasd.lib(cblas_sgemm.obj)”或在“E:\auto0473\visual studio 2013 Projects\my_mtcnn_light\Debug\vc120.pdb”中寻找)；正在链接对象，如同没有调试信息一样
     1>libopenblasd.lib(sgemv_thread_n.obj) : warning LNK4099: 未找到 PDB“vc120.pdb”(使用“libopenblasd.lib(sgemv_thread_n.obj)”或在“E:\auto0473\visual studio 2013 Projects\my_mtcnn_light\Debug\vc120.pdb”中寻找)；正在链接对象，如同没有调试信息一样
     1>libopenblasd.lib(sgemv_thread_t.obj) : warning LNK4099: 未找到 PDB“vc120.pdb”(使用“libopenblasd.lib(sgemv_thread_t.obj)”或在“E:\auto0473\visual studio 2013 Projects\my_mtcnn_light\Debug\vc120.pdb”中寻找)；正在链接对象，如同没有调试信息一样
     1>libopenblasd.lib(sgemm_nn.obj) : warning LNK4099: 未找到 PDB“vc120.pdb”(使用“libopenblasd.lib(sgemm_nn.obj)”或在“E:\auto0473\visual studio 2013 Projects\my_mtcnn_light\Debug\vc120.pdb”中寻找)；正在链接对象，如同没有调试信息一样
     1>libopenblasd.lib(sgemm_thread_nn.obj) : warning LNK4099: 未找到 PDB“vc120.pdb”(使用“libopenblasd.lib(sgemm_thread_nn.obj)”或在“E:\auto0473\visual studio 2013 Projects\my_mtcnn_light\Debug\vc120.pdb”中寻找)；正在链接对象，如同没有调试信息一样
     1>libopenblasd.lib(sgemm_nt.obj) : warning LNK4099: 未找到 PDB“vc120.pdb”(使用“libopenblasd.lib(sgemm_nt.obj)”或在“E:\auto0473\visual studio 2013 Projects\my_mtcnn_light\Debug\vc120.pdb”中寻找)；正在链接对象，如同没有调试信息一样
     1>libopenblasd.lib(sgemm_thread_nt.obj) : warning LNK4099: 未找到 PDB“vc120.pdb”(使用“libopenblasd.lib(sgemm_thread_nt.obj)”或在“E:\auto0473\visual studio 2013 Projects\my_mtcnn_light\Debug\vc120.pdb”中寻找)；正在链接对象，如同没有调试信息一样
     1>libopenblasd.lib(sgemm_tn.obj) : warning LNK4099: 未找到 PDB“vc120.pdb”(使用“libopenblasd.lib(sgemm_tn.obj)”或在“E:\auto0473\visual studio 2013 Projects\my_mtcnn_light\Debug\vc120.pdb”中寻找)；正在链接对象，如同没有调试信息一样
     1>libopenblasd.lib(sgemm_thread_tn.obj) : warning LNK4099: 未找到 PDB“vc120.pdb”(使用“libopenblasd.lib(sgemm_thread_tn.obj)”或在“E:\auto0473\visual studio 2013 Projects\my_mtcnn_light\Debug\vc120.pdb”中寻找)；正在链接对象，如同没有调试信息一样
     1>libopenblasd.lib(sgemm_tt.obj) : warning LNK4099: 未找到 PDB“vc120.pdb”(使用“libopenblasd.lib(sgemm_tt.obj)”或在“E:\auto0473\visual studio 2013 Projects\my_mtcnn_light\Debug\vc120.pdb”中寻找)；正在链接对象，如同没有调试信息一样
     1>libopenblasd.lib(sgemm_thread_tt.obj) : warning LNK4099: 未找到 PDB“vc120.pdb”(使用“libopenblasd.lib(sgemm_thread_tt.obj)”或在“E:\auto0473\visual studio 2013 Projects\my_mtcnn_light\Debug\vc120.pdb”中寻找)；正在链接对象，如同没有调试信息一样
     1>libopenblasd.lib(gemm_thread_n.obj) : warning LNK4099: 未找到 PDB“vc120.pdb”(使用“libopenblasd.lib(gemm_thread_n.obj)”或在“E:\auto0473\visual studio 2013 Projects\my_mtcnn_light\Debug\vc120.pdb”中寻找)；正在链接对象，如同没有调试信息一样
     1>libopenblasd.lib(memory.obj) : warning LNK4099: 未找到 PDB“vc120.pdb”(使用“libopenblasd.lib(memory.obj)”或在“E:\auto0473\visual studio 2013 Projects\my_mtcnn_light\Debug\vc120.pdb”中寻找)；正在链接对象，如同没有调试信息一样
     1>libopenblasd.lib(blas_server_win32.obj) : warning LNK4099: 未找到 PDB“vc120.pdb”(使用“libopenblasd.lib(blas_server_win32.obj)”或在“E:\auto0473\visual studio 2013 Projects\my_mtcnn_light\Debug\vc120.pdb”中寻找)；正在链接对象，如同没有调试信息一样
     1>libopenblasd.lib(xerbla.obj) : warning LNK4099: 未找到 PDB“vc120.pdb”(使用“libopenblasd.lib(xerbla.obj)”或在“E:\auto0473\visual studio 2013 Projects\my_mtcnn_light\Debug\vc120.pdb”中寻找)；正在链接对象，如同没有调试信息一样
     1>libopenblasd.lib(openblas_env.obj) : warning LNK4099: 未找到 PDB“vc120.pdb”(使用“libopenblasd.lib(openblas_env.obj)”或在“E:\auto0473\visual studio 2013 Projects\my_mtcnn_light\Debug\vc120.pdb”中寻找)；正在链接对象，如同没有调试信息一样
     1>libopenblasd.lib(parameter.obj) : warning LNK4099: 未找到 PDB“vc120.pdb”(使用“libopenblasd.lib(parameter.obj)”或在“E:\auto0473\visual studio 2013 Projects\my_mtcnn_light\Debug\vc120.pdb”中寻找)；正在链接对象，如同没有调试信息一样
     1>libopenblasd.lib(cpuid_win.obj) : warning LNK4099: 未找到 PDB“vc120.pdb”(使用“libopenblasd.lib(cpuid_win.obj)”或在“E:\auto0473\visual studio 2013 Projects\my_mtcnn_light\Debug\vc120.pdb”中寻找)；正在链接对象，如同没有调试信息一样
     1>libopenblasd.lib(sscal_k.obj) : warning LNK4099: 未找到 PDB“vc120.pdb”(使用“libopenblasd.lib(sscal_k.obj)”或在“E:\auto0473\visual studio 2013 Projects\my_mtcnn_light\Debug\vc120.pdb”中寻找)；正在链接对象，如同没有调试信息一样
     1>libopenblasd.lib(sgemv_n.obj) : warning LNK4099: 未找到 PDB“vc120.pdb”(使用“libopenblasd.lib(sgemv_n.obj)”或在“E:\auto0473\visual studio 2013 Projects\my_mtcnn_light\Debug\vc120.pdb”中寻找)；正在链接对象，如同没有调试信息一样
     1>libopenblasd.lib(sgemv_t.obj) : warning LNK4099: 未找到 PDB“vc120.pdb”(使用“libopenblasd.lib(sgemv_t.obj)”或在“E:\auto0473\visual studio 2013 Projects\my_mtcnn_light\Debug\vc120.pdb”中寻找)；正在链接对象，如同没有调试信息一样
     1>libopenblasd.lib(sgemm_kernel.obj) : warning LNK4099: 未找到 PDB“vc120.pdb”(使用“libopenblasd.lib(sgemm_kernel.obj)”或在“E:\auto0473\visual studio 2013 Projects\my_mtcnn_light\Debug\vc120.pdb”中寻找)；正在链接对象，如同没有调试信息一样
     1>libopenblasd.lib(sgemm_oncopy.obj) : warning LNK4099: 未找到 PDB“vc120.pdb”(使用“libopenblasd.lib(sgemm_oncopy.obj)”或在“E:\auto0473\visual studio 2013 Projects\my_mtcnn_light\Debug\vc120.pdb”中寻找)；正在链接对象，如同没有调试信息一样
     1>libopenblasd.lib(sgemm_otcopy.obj) : warning LNK4099: 未找到 PDB“vc120.pdb”(使用“libopenblasd.lib(sgemm_otcopy.obj)”或在“E:\auto0473\visual studio 2013 Projects\my_mtcnn_light\Debug\vc120.pdb”中寻找)；正在链接对象，如同没有调试信息一样
     1>libopenblasd.lib(sgemm_beta.obj) : warning LNK4099: 未找到 PDB“vc120.pdb”(使用“libopenblasd.lib(sgemm_beta.obj)”或在“E:\auto0473\visual studio 2013 Projects\my_mtcnn_light\Debug\vc120.pdb”中寻找)；正在链接对象，如同没有调试信息一样
         my_mtcnn_light.vcxproj -> E:\auto0473\visual studio 2013 Projects\my_mtcnn_light\Debug\my_mtcnn_light.exe
     1>已完成生成项目“E:\auto0473\visual studio 2013 Projects\my_mtcnn_light\my_mtcnn_light\my_mtcnn_light.vcxproj”(Build 个目标)的操作。

生成成功。

已用时间 00:00:10.52
